{"total": {"lines":{"total":806,"covered":288,"skipped":0,"pct":35.73},"statements":{"total":965,"covered":338,"skipped":0,"pct":35.02},"functions":{"total":250,"covered":65,"skipped":0,"pct":26},"branches":{"total":428,"covered":122,"skipped":0,"pct":28.5},"branchesTrue":{"total":0,"covered":0,"skipped":0,"pct":100}}
,"/home/joverval/Projects/p2p-collab-files/src/app.ts": {"lines":{"total":152,"covered":0,"skipped":0,"pct":0},"functions":{"total":54,"covered":0,"skipped":0,"pct":0},"statements":{"total":181,"covered":0,"skipped":0,"pct":0},"branches":{"total":52,"covered":0,"skipped":0,"pct":0}}
,"/home/joverval/Projects/p2p-collab-files/src/test-api.ts": {"lines":{"total":17,"covered":0,"skipped":0,"pct":0},"functions":{"total":11,"covered":0,"skipped":0,"pct":0},"statements":{"total":18,"covered":0,"skipped":0,"pct":0},"branches":{"total":16,"covered":0,"skipped":0,"pct":0}}
,"/home/joverval/Projects/p2p-collab-files/src/__mocks__/p2p-collab.ts": {"lines":{"total":16,"covered":0,"skipped":0,"pct":0},"functions":{"total":22,"covered":0,"skipped":0,"pct":0},"statements":{"total":16,"covered":0,"skipped":0,"pct":0},"branches":{"total":0,"covered":0,"skipped":0,"pct":100}}
,"/home/joverval/Projects/p2p-collab-files/src/features/markdown/document-sync.ts": {"lines":{"total":30,"covered":30,"skipped":0,"pct":100},"functions":{"total":8,"covered":8,"skipped":0,"pct":100},"statements":{"total":36,"covered":35,"skipped":0,"pct":97.22},"branches":{"total":20,"covered":18,"skipped":0,"pct":90}}
,"/home/joverval/Projects/p2p-collab-files/src/features/markdown/editor-controller.ts": {"lines":{"total":7,"covered":0,"skipped":0,"pct":0},"functions":{"total":2,"covered":0,"skipped":0,"pct":0},"statements":{"total":7,"covered":0,"skipped":0,"pct":0},"branches":{"total":2,"covered":0,"skipped":0,"pct":0}}
,"/home/joverval/Projects/p2p-collab-files/src/features/markdown/file-controller.ts": {"lines":{"total":39,"covered":0,"skipped":0,"pct":0},"functions":{"total":13,"covered":0,"skipped":0,"pct":0},"statements":{"total":61,"covered":0,"skipped":0,"pct":0},"branches":{"total":22,"covered":0,"skipped":0,"pct":0}}
,"/home/joverval/Projects/p2p-collab-files/src/features/markdown/markdown-feature.ts": {"lines":{"total":69,"covered":0,"skipped":0,"pct":0},"functions":{"total":23,"covered":0,"skipped":0,"pct":0},"statements":{"total":79,"covered":0,"skipped":0,"pct":0},"branches":{"total":37,"covered":0,"skipped":0,"pct":0}}
,"/home/joverval/Projects/p2p-collab-files/src/features/markdown/preview-controller.ts": {"lines":{"total":14,"covered":0,"skipped":0,"pct":0},"functions":{"total":4,"covered":0,"skipped":0,"pct":0},"statements":{"total":18,"covered":0,"skipped":0,"pct":0},"branches":{"total":10,"covered":0,"skipped":0,"pct":0}}
,"/home/joverval/Projects/p2p-collab-files/src/shared/dom.ts": {"lines":{"total":5,"covered":5,"skipped":0,"pct":100},"functions":{"total":4,"covered":4,"skipped":0,"pct":100},"statements":{"total":7,"covered":7,"skipped":0,"pct":100},"branches":{"total":2,"covered":2,"skipped":0,"pct":100}}
,"/home/joverval/Projects/p2p-collab-files/src/shared/dompurify-config.ts": {"lines":{"total":8,"covered":0,"skipped":0,"pct":0},"functions":{"total":1,"covered":0,"skipped":0,"pct":0},"statements":{"total":9,"covered":0,"skipped":0,"pct":0},"branches":{"total":2,"covered":0,"skipped":0,"pct":0}}
,"/home/joverval/Projects/p2p-collab-files/src/shared/types.ts": {"lines":{"total":0,"covered":0,"skipped":0,"pct":0},"functions":{"total":0,"covered":0,"skipped":0,"pct":0},"statements":{"total":0,"covered":0,"skipped":0,"pct":0},"branches":{"total":0,"covered":0,"skipped":0,"pct":0}}
,"/home/joverval/Projects/p2p-collab-files/src/shell/session-controller.ts": {"lines":{"total":229,"covered":111,"skipped":0,"pct":48.47},"functions":{"total":43,"covered":15,"skipped":0,"pct":34.88},"statements":{"total":261,"covered":124,"skipped":0,"pct":47.5},"branches":{"total":113,"covered":25,"skipped":0,"pct":22.12}}
,"/home/joverval/Projects/p2p-collab-files/src/shell/signaling-client.ts": {"lines":{"total":99,"covered":72,"skipped":0,"pct":72.72},"functions":{"total":28,"covered":19,"skipped":0,"pct":67.85},"statements":{"total":126,"covered":95,"skipped":0,"pct":75.39},"branches":{"total":88,"covered":47,"skipped":0,"pct":53.4}}
,"/home/joverval/Projects/p2p-collab-files/src/shell/chat/chat-controller.ts": {"lines":{"total":30,"covered":29,"skipped":0,"pct":96.66},"functions":{"total":8,"covered":7,"skipped":0,"pct":87.5},"statements":{"total":34,"covered":32,"skipped":0,"pct":94.11},"branches":{"total":12,"covered":12,"skipped":0,"pct":100}}
,"/home/joverval/Projects/p2p-collab-files/src/shell/panels/panel-controller.ts": {"lines":{"total":47,"covered":0,"skipped":0,"pct":0},"functions":{"total":14,"covered":0,"skipped":0,"pct":0},"statements":{"total":64,"covered":0,"skipped":0,"pct":0},"branches":{"total":33,"covered":0,"skipped":0,"pct":0}}
,"/home/joverval/Projects/p2p-collab-files/src/shell/participants/participants-controller.ts": {"lines":{"total":22,"covered":19,"skipped":0,"pct":86.36},"functions":{"total":11,"covered":8,"skipped":0,"pct":72.72},"statements":{"total":23,"covered":20,"skipped":0,"pct":86.95},"branches":{"total":11,"covered":10,"skipped":0,"pct":90.9}}
,"/home/joverval/Projects/p2p-collab-files/src/shell/protocol/message-envelope.ts": {"lines":{"total":22,"covered":22,"skipped":0,"pct":100},"functions":{"total":4,"covered":4,"skipped":0,"pct":100},"statements":{"total":25,"covered":25,"skipped":0,"pct":100},"branches":{"total":8,"covered":8,"skipped":0,"pct":100}}
}
