TN:
SF:src/app.ts
FN:17,createApplication
FN:23,(anonymous_1)
FN:23,(anonymous_2)
FN:30,(anonymous_3)
FN:36,setTextContent
FN:42,(anonymous_5)
FN:47,updateTopBar
FN:52,updateRoleAwareUI
FN:57,applyRoleState
FN:59,(anonymous_9)
FN:85,ensureEditorVisible
FN:96,(anonymous_11)
FN:97,(anonymous_12)
FN:98,(anonymous_13)
FN:99,(anonymous_14)
FN:100,(anonymous_15)
FN:101,(anonymous_16)
FN:107,(anonymous_17)
FN:109,(anonymous_18)
FN:113,(anonymous_19)
FN:118,(anonymous_20)
FN:124,(anonymous_21)
FN:136,(anonymous_22)
FN:137,(anonymous_23)
FN:141,(anonymous_24)
FN:147,(anonymous_25)
FN:151,(anonymous_26)
FN:152,(anonymous_27)
FN:153,(anonymous_28)
FN:157,(anonymous_29)
FN:159,(anonymous_30)
FN:162,(anonymous_31)
FN:168,(anonymous_32)
FN:172,(anonymous_33)
FN:177,(anonymous_34)
FN:178,(anonymous_35)
FN:178,(anonymous_36)
FN:181,(anonymous_37)
FN:185,(anonymous_38)
FN:188,(anonymous_39)
FN:191,(anonymous_40)
FN:199,(anonymous_41)
FN:205,(anonymous_42)
FN:213,(anonymous_43)
FN:223,(anonymous_44)
FN:224,(anonymous_45)
FN:224,(anonymous_46)
FN:234,(anonymous_47)
FN:245,(anonymous_48)
FN:260,(anonymous_49)
FN:261,(anonymous_50)
FN:261,(anonymous_51)
FN:262,(anonymous_52)
FN:263,(anonymous_53)
FNF:54
FNH:0
FNDA:0,createApplication
FNDA:0,(anonymous_1)
FNDA:0,(anonymous_2)
FNDA:0,(anonymous_3)
FNDA:0,setTextContent
FNDA:0,(anonymous_5)
FNDA:0,updateTopBar
FNDA:0,updateRoleAwareUI
FNDA:0,applyRoleState
FNDA:0,(anonymous_9)
FNDA:0,ensureEditorVisible
FNDA:0,(anonymous_11)
FNDA:0,(anonymous_12)
FNDA:0,(anonymous_13)
FNDA:0,(anonymous_14)
FNDA:0,(anonymous_15)
FNDA:0,(anonymous_16)
FNDA:0,(anonymous_17)
FNDA:0,(anonymous_18)
FNDA:0,(anonymous_19)
FNDA:0,(anonymous_20)
FNDA:0,(anonymous_21)
FNDA:0,(anonymous_22)
FNDA:0,(anonymous_23)
FNDA:0,(anonymous_24)
FNDA:0,(anonymous_25)
FNDA:0,(anonymous_26)
FNDA:0,(anonymous_27)
FNDA:0,(anonymous_28)
FNDA:0,(anonymous_29)
FNDA:0,(anonymous_30)
FNDA:0,(anonymous_31)
FNDA:0,(anonymous_32)
FNDA:0,(anonymous_33)
FNDA:0,(anonymous_34)
FNDA:0,(anonymous_35)
FNDA:0,(anonymous_36)
FNDA:0,(anonymous_37)
FNDA:0,(anonymous_38)
FNDA:0,(anonymous_39)
FNDA:0,(anonymous_40)
FNDA:0,(anonymous_41)
FNDA:0,(anonymous_42)
FNDA:0,(anonymous_43)
FNDA:0,(anonymous_44)
FNDA:0,(anonymous_45)
FNDA:0,(anonymous_46)
FNDA:0,(anonymous_47)
FNDA:0,(anonymous_48)
FNDA:0,(anonymous_49)
FNDA:0,(anonymous_50)
FNDA:0,(anonymous_51)
FNDA:0,(anonymous_52)
FNDA:0,(anonymous_53)
DA:15,0
DA:18,0
DA:19,0
DA:20,0
DA:21,0
DA:22,0
DA:23,0
DA:24,0
DA:26,0
DA:27,0
DA:30,0
DA:31,0
DA:32,0
DA:37,0
DA:38,0
DA:42,0
DA:43,0
DA:44,0
DA:48,0
DA:49,0
DA:53,0
DA:54,0
DA:58,0
DA:59,0
DA:62,0
DA:63,0
DA:64,0
DA:65,0
DA:68,0
DA:71,0
DA:74,0
DA:75,0
DA:78,0
DA:80,0
DA:81,0
DA:82,0
DA:86,0
DA:87,0
DA:88,0
DA:89,0
DA:90,0
DA:91,0
DA:93,0
DA:95,0
DA:96,0
DA:97,0
DA:98,0
DA:99,0
DA:100,0
DA:101,0
DA:103,0
DA:107,0
DA:109,0
DA:110,0
DA:111,0
DA:112,0
DA:113,0
DA:114,0
DA:115,0
DA:116,0
DA:118,0
DA:119,0
DA:120,0
DA:124,0
DA:125,0
DA:132,0
DA:133,0
DA:134,0
DA:136,0
DA:137,0
DA:138,0
DA:139,0
DA:141,0
DA:142,0
DA:143,0
DA:144,0
DA:145,0
DA:147,0
DA:148,0
DA:149,0
DA:151,0
DA:152,0
DA:153,0
DA:154,0
DA:155,0
DA:157,0
DA:159,0
DA:162,0
DA:163,0
DA:168,0
DA:169,0
DA:172,0
DA:173,0
DA:177,0
DA:178,0
DA:181,0
DA:182,0
DA:183,0
DA:185,0
DA:188,0
DA:191,0
DA:192,0
DA:193,0
DA:194,0
DA:199,0
DA:200,0
DA:201,0
DA:202,0
DA:203,0
DA:205,0
DA:206,0
DA:207,0
DA:208,0
DA:209,0
DA:213,0
DA:214,0
DA:215,0
DA:216,0
DA:217,0
DA:218,0
DA:219,0
DA:221,0
DA:222,0
DA:223,0
DA:224,0
DA:226,0
DA:227,0
DA:229,0
DA:231,0
DA:232,0
DA:233,0
DA:234,0
DA:235,0
DA:241,0
DA:242,0
DA:243,0
DA:244,0
DA:245,0
DA:246,0
DA:247,0
DA:248,0
DA:249,0
DA:250,0
DA:251,0
DA:252,0
DA:257,0
DA:260,0
DA:261,0
DA:262,0
DA:264,0
DA:265,0
DA:266,0
LF:152
LH:0
BRDA:15,0,0,0
BRDA:15,0,1,0
BRDA:32,1,0,0
BRDA:32,1,1,0
BRDA:38,2,0,0
BRDA:38,2,1,0
BRDA:43,3,0,0
BRDA:43,3,1,0
BRDA:62,4,0,0
BRDA:62,4,1,0
BRDA:63,5,0,0
BRDA:63,5,1,0
BRDA:64,6,0,0
BRDA:64,6,1,0
BRDA:65,7,0,0
BRDA:65,7,1,0
BRDA:68,8,0,0
BRDA:68,8,1,0
BRDA:78,9,0,0
BRDA:78,9,1,0
BRDA:86,10,0,0
BRDA:86,10,1,0
BRDA:89,11,0,0
BRDA:89,11,1,0
BRDA:154,12,0,0
BRDA:154,12,1,0
BRDA:154,13,0,0
BRDA:154,13,1,0
BRDA:154,13,2,0
BRDA:169,14,0,0
BRDA:169,14,1,0
BRDA:169,15,0,0
BRDA:169,15,1,0
BRDA:169,15,2,0
BRDA:173,16,0,0
BRDA:173,16,1,0
BRDA:192,17,0,0
BRDA:192,17,1,0
BRDA:193,18,0,0
BRDA:193,18,1,0
BRDA:193,19,0,0
BRDA:193,19,1,0
BRDA:215,20,0,0
BRDA:215,20,1,0
BRDA:231,21,0,0
BRDA:231,21,1,0
BRDA:242,22,0,0
BRDA:242,22,1,0
BRDA:247,23,0,0
BRDA:247,23,1,0
BRDA:265,24,0,0
BRDA:265,24,1,0
BRF:52
BRH:0
end_of_record
TN:
SF:src/test-api.ts
FN:32,exposeTestAPI
FN:37,getText
FN:41,getParticipants
FN:49,getRole
FN:53,getConnectionState
FN:57,getConnectionRoute
FN:69,getRoomId
FN:73,getShareUrl
FN:77,getStateVector
FN:81,getChatMessages
FN:85,getSignalingListenerCount
FNF:11
FNH:0
FNDA:0,exposeTestAPI
FNDA:0,getText
FNDA:0,getParticipants
FNDA:0,getRole
FNDA:0,getConnectionState
FNDA:0,getConnectionRoute
FNDA:0,getRoomId
FNDA:0,getShareUrl
FNDA:0,getStateVector
FNDA:0,getChatMessages
FNDA:0,getSignalingListenerCount
DA:34,0
DA:36,0
DA:38,0
DA:46,0
DA:50,0
DA:54,0
DA:58,0
DA:59,0
DA:60,0
DA:61,0
DA:66,0
DA:70,0
DA:74,0
DA:78,0
DA:82,0
DA:86,0
DA:90,0
LF:17
LH:0
BRDA:34,0,0,0
BRDA:34,0,1,0
BRDA:38,1,0,0
BRDA:38,1,1,0
BRDA:50,2,0,0
BRDA:50,2,1,0
BRDA:60,3,0,0
BRDA:60,3,1,0
BRDA:60,4,0,0
BRDA:60,4,1,0
BRDA:78,5,0,0
BRDA:78,5,1,0
BRDA:82,6,0,0
BRDA:82,6,1,0
BRDA:86,7,0,0
BRDA:86,7,1,0
BRF:16
BRH:0
end_of_record
TN:
SF:src/__mocks__/p2p-collab.ts
FN:34,createMockRoom
FN:48,offerUrl
FN:49,connectToHost
FN:50,acceptAnswer
FN:51,onMessage
FN:55,onPeerJoin
FN:58,broadcastExcept
FN:61,send
FN:62,sendToPeer
FN:63,close
FN:64,getConnectionRoute
FN:71,constructor
FN:73,offerUrl_2
FN:74,connectToHost_2
FN:75,acceptAnswer_2
FN:76,onMessage_2
FN:77,onPeerJoin_2
FN:78,broadcastExcept_2
FN:79,send_2
FN:80,sendToPeer_2
FN:81,close_2
FN:82,getConnectionRoute_2
FNF:22
FNH:0
FNDA:0,createMockRoom
FNDA:0,offerUrl
FNDA:0,connectToHost
FNDA:0,acceptAnswer
FNDA:0,onMessage
FNDA:0,onPeerJoin
FNDA:0,broadcastExcept
FNDA:0,send
FNDA:0,sendToPeer
FNDA:0,close
FNDA:0,getConnectionRoute
FNDA:0,constructor
FNDA:0,offerUrl_2
FNDA:0,connectToHost_2
FNDA:0,acceptAnswer_2
FNDA:0,onMessage_2
FNDA:0,onPeerJoin_2
FNDA:0,broadcastExcept_2
FNDA:0,send_2
FNDA:0,sendToPeer_2
FNDA:0,close_2
FNDA:0,getConnectionRoute_2
DA:35,0
DA:48,0
DA:49,0
DA:50,0
DA:52,0
DA:53,0
DA:56,0
DA:59,0
DA:61,0
DA:62,0
DA:63,0
DA:64,0
DA:66,0
DA:73,0
DA:74,0
DA:82,0
LF:16
LH:0
BRF:0
BRH:0
end_of_record
TN:
SF:src/features/markdown/document-sync.ts
FN:18,constructor
FN:30,enqueue
FN:36,(anonymous_2)
FN:40,flush
FN:48,queuedBytes
FN:49,queuedCount
FN:51,destroy
FN:58,createDoc
FNF:8
FNH:8
FNDA:7,constructor
FNDA:12,enqueue
FNDA:2,(anonymous_2)
FNDA:5,flush
FNDA:3,queuedBytes
FNDA:5,queuedCount
FNDA:2,destroy
FNDA:36,createDoc
DA:5,1
DA:6,1
DA:9,7
DA:10,7
DA:11,7
DA:23,7
DA:24,7
DA:25,7
DA:26,7
DA:27,7
DA:31,12
DA:32,12
DA:33,12
DA:34,2
DA:35,10
DA:36,6
DA:41,5
DA:42,5
DA:43,5
DA:44,5
DA:45,5
DA:48,3
DA:49,5
DA:52,2
DA:53,2
DA:54,2
DA:59,36
DA:60,36
DA:61,36
DA:62,36
LF:30
LH:30
BRDA:25,0,0,7
BRDA:25,0,1,1
BRDA:26,1,0,7
BRDA:26,1,1,4
BRDA:27,2,0,7
BRDA:27,2,1,2
BRDA:33,3,0,2
BRDA:33,3,1,10
BRDA:33,4,0,12
BRDA:33,4,1,11
BRDA:35,5,0,6
BRDA:35,5,1,4
BRDA:41,6,0,4
BRDA:41,6,1,1
BRDA:42,7,0,0
BRDA:42,7,1,5
BRDA:42,8,0,5
BRDA:42,8,1,5
BRDA:52,9,0,2
BRDA:52,9,1,0
BRF:20
BRH:18
end_of_record
TN:
SF:src/features/markdown/editor-controller.ts
FN:9,createEditor
FN:19,(anonymous_1)
FNF:2
FNH:0
FNDA:0,createEditor
FNDA:0,(anonymous_1)
DA:15,0
DA:20,0
DA:21,0
DA:22,0
DA:23,0
DA:24,0
DA:34,0
LF:7
LH:0
BRDA:20,0,0,0
BRDA:20,0,1,0
BRF:2
BRH:0
end_of_record
TN:
SF:src/features/markdown/file-controller.ts
FN:12,filename
FN:15,filename_2
FN:19,constructor
FN:24,openFile
FN:35,(anonymous_4)
FN:42,saveFile
FN:58,hasFileSystemAPI
FN:60,getFileInput
FN:69,fallbackOpenFile
FN:70,(anonymous_9)
FN:72,(anonymous_10)
FN:77,fallbackSaveFile
FN:80,(anonymous_12)
FNF:13
FNH:0
FNDA:0,filename
FNDA:0,filename_2
FNDA:0,constructor
FNDA:0,openFile
FNDA:0,(anonymous_4)
FNDA:0,saveFile
FNDA:0,hasFileSystemAPI
FNDA:0,getFileInput
FNDA:0,fallbackOpenFile
FNDA:0,(anonymous_9)
FNDA:0,(anonymous_10)
FNDA:0,fallbackSaveFile
FNDA:0,(anonymous_12)
DA:9,0
DA:10,0
DA:13,0
DA:16,0
DA:20,0
DA:21,0
DA:25,0
DA:26,0
DA:28,0
DA:29,0
DA:30,0
DA:32,0
DA:33,0
DA:35,0
DA:37,0
DA:38,0
DA:39,0
DA:43,0
DA:44,0
DA:45,0
DA:46,0
DA:48,0
DA:49,0
DA:50,0
DA:51,0
DA:54,0
DA:58,0
DA:61,0
DA:62,0
DA:63,0
DA:64,0
DA:66,0
DA:70,0
DA:71,0
DA:72,0
DA:73,0
DA:78,0
DA:79,0
DA:80,0
LF:39
LH:0
BRDA:13,0,0,0
BRDA:13,0,1,0
BRDA:25,1,0,0
BRDA:25,1,1,0
BRDA:25,2,0,0
BRDA:25,2,1,0
BRDA:28,3,0,0
BRDA:28,3,1,0
BRDA:39,4,0,0
BRDA:39,4,1,0
BRDA:44,5,0,0
BRDA:44,5,1,0
BRDA:45,6,0,0
BRDA:45,6,1,0
BRDA:45,7,0,0
BRDA:45,7,1,0
BRDA:51,8,0,0
BRDA:51,8,1,0
BRDA:61,9,0,0
BRDA:61,9,1,0
BRDA:72,10,0,0
BRDA:72,10,1,0
BRF:22
BRH:0
end_of_record
TN:
SF:src/features/markdown/markdown-feature.ts
FN:14,encodeSyncStep1
FN:20,encodeSyncStep2
FN:37,start
FN:42,(anonymous_3)
FN:43,(anonymous_4)
FN:47,(anonymous_5)
FN:49,(anonymous_6)
FN:50,(anonymous_7)
FN:58,(anonymous_8)
FN:59,(anonymous_9)
FN:62,(anonymous_10)
FN:72,onConnected
FN:80,onDisconnected
FN:82,onPeerJoined
FN:89,handleFeatureData
FN:113,handleControlMessage
FN:125,editor
FN:126,doc
FN:127,text
FN:128,file
FN:129,undo
FN:130,previewCtrl
FN:132,destroy
FNF:23
FNH:0
FNDA:0,encodeSyncStep1
FNDA:0,encodeSyncStep2
FNDA:0,start
FNDA:0,(anonymous_3)
FNDA:0,(anonymous_4)
FNDA:0,(anonymous_5)
FNDA:0,(anonymous_6)
FNDA:0,(anonymous_7)
FNDA:0,(anonymous_8)
FNDA:0,(anonymous_9)
FNDA:0,(anonymous_10)
FNDA:0,onConnected
FNDA:0,onDisconnected
FNDA:0,onPeerJoined
FNDA:0,handleFeatureData
FNDA:0,handleControlMessage
FNDA:0,editor
FNDA:0,doc
FNDA:0,text
FNDA:0,file
FNDA:0,undo
FNDA:0,previewCtrl
FNDA:0,destroy
DA:15,0
DA:16,0
DA:17,0
DA:18,0
DA:21,0
DA:22,0
DA:23,0
DA:24,0
DA:28,0
DA:29,0
DA:30,0
DA:31,0
DA:32,0
DA:33,0
DA:34,0
DA:35,0
DA:38,0
DA:39,0
DA:40,0
DA:42,0
DA:43,0
DA:44,0
DA:47,0
DA:49,0
DA:50,0
DA:52,0
DA:53,0
DA:58,0
DA:59,0
DA:60,0
DA:62,0
DA:63,0
DA:64,0
DA:65,0
DA:69,0
DA:73,0
DA:75,0
DA:76,0
DA:77,0
DA:83,0
DA:85,0
DA:86,0
DA:90,0
DA:91,0
DA:94,0
DA:96,0
DA:97,0
DA:98,0
DA:99,0
DA:101,0
DA:103,0
DA:105,0
DA:108,0
DA:110,0
DA:114,0
DA:115,0
DA:116,0
DA:118,0
DA:119,0
DA:120,0
DA:125,0
DA:126,0
DA:127,0
DA:128,0
DA:129,0
DA:130,0
DA:133,0
DA:134,0
DA:135,0
LF:69
LH:0
BRDA:53,0,0,0
BRDA:53,0,1,0
BRDA:63,1,0,0
BRDA:63,1,1,0
BRDA:64,2,0,0
BRDA:64,2,1,0
BRDA:73,3,0,0
BRDA:73,3,1,0
BRDA:73,4,0,0
BRDA:73,4,1,0
BRDA:73,4,2,0
BRDA:83,5,0,0
BRDA:83,5,1,0
BRDA:83,6,0,0
BRDA:83,6,1,0
BRDA:90,7,0,0
BRDA:90,7,1,0
BRDA:94,8,0,0
BRDA:94,8,1,0
BRDA:94,9,0,0
BRDA:94,9,1,0
BRDA:94,9,2,0
BRDA:98,10,0,0
BRDA:98,10,1,0
BRDA:103,11,0,0
BRDA:103,11,1,0
BRDA:103,12,0,0
BRDA:103,12,1,0
BRDA:103,12,2,0
BRDA:114,13,0,0
BRDA:114,13,1,0
BRDA:116,14,0,0
BRDA:116,14,1,0
BRDA:118,15,0,0
BRDA:118,15,1,0
BRDA:118,16,0,0
BRDA:118,16,1,0
BRF:37
BRH:0
end_of_record
TN:
SF:src/features/markdown/preview-controller.ts
FN:15,constructor
FN:17,schedule
FN:19,(anonymous_2)
FN:22,render
FNF:4
FNH:0
FNDA:0,constructor
FNDA:0,schedule
FNDA:0,(anonymous_2)
FNDA:0,render
DA:12,0
DA:15,0
DA:18,0
DA:19,0
DA:23,0
DA:24,0
DA:25,0
DA:26,0
DA:28,0
DA:29,0
DA:31,0
DA:35,0
DA:38,0
DA:43,0
LF:14
LH:0
BRDA:19,0,0,0
BRDA:19,0,1,0
BRDA:25,1,0,0
BRDA:25,1,1,0
BRDA:25,2,0,0
BRDA:25,2,1,0
BRDA:29,3,0,0
BRDA:29,3,1,0
BRDA:38,4,0,0
BRDA:38,4,1,0
BRF:10
BRH:0
end_of_record
TN:
SF:src/shared/dom.ts
FN:3,$
FN:7,el
FN:9,(anonymous_2)
FN:10,(anonymous_3)
FNF:4
FNH:4
FNDA:32,$
FNDA:65,el
FNDA:70,(anonymous_2)
FNDA:85,(anonymous_3)
DA:4,32
DA:8,65
DA:9,70
DA:10,85
DA:11,65
LF:5
LH:5
BRDA:7,0,0,65
BRDA:7,1,0,65
BRF:2
BRH:2
end_of_record
TN:
SF:src/shared/dompurify-config.ts
FN:60,sanitizePreview
FNF:1
FNH:0
FNDA:0,sanitizePreview
DA:14,0
DA:24,0
DA:35,0
DA:45,0
DA:61,0
DA:62,0
DA:66,0
DA:69,0
LF:8
LH:0
BRDA:61,0,0,0
BRDA:61,0,1,0
BRF:2
BRH:0
end_of_record
TN:
SF:src/shared/types.ts
FNF:0
FNH:0
LF:0
LH:0
BRF:0
BRH:0
end_of_record
TN:
SF:src/shell/session-controller.ts
FN:14,tryParseChatEnvelope
FN:56,constructor
FN:62,registerPermanentHandlers
FN:67,(anonymous_3)
FN:73,(anonymous_4)
FN:78,(anonymous_5)
FN:81,(anonymous_6)
FN:90,(anonymous_7)
FN:97,(anonymous_8)
FN:102,(anonymous_9)
FN:112,token
FN:113,roomId
FN:114,shareUrl
FN:115,currentOfferId
FN:116,roomRef
FN:117,connectionState
FN:118,isConnected
FN:119,signalingListenerCount
FN:122,createRoom
FN:134,(anonymous_19)
FN:135,(anonymous_20)
FN:140,(anonymous_21)
FN:161,setupRoomHandlers
FN:162,(anonymous_23)
FN:189,(anonymous_24)
FN:208,approvePeer
FN:227,rejectPeer
FN:230,manualAcceptAnswer
FN:237,parseRoomFromUrl
FN:245,peerAutoJoin
FN:265,(anonymous_30)
FN:268,(anonymous_31)
FN:273,(anonymous_32)
FN:283,(anonymous_33)
FN:313,promotePeer
FN:330,handlePromotionRequest
FN:345,(anonymous_36)
FN:388,broadcastRoomState
FN:394,sendFeature
FN:395,sendFeatureDataToPeer
FN:396,sendControl
FN:397,sendChatMessage
FN:404,close
FNF:43
FNH:15
FNDA:0,tryParseChatEnvelope
FNDA:13,constructor
FNDA:13,registerPermanentHandlers
FNDA:0,(anonymous_3)
FNDA:1,(anonymous_4)
FNDA:9,(anonymous_5)
FNDA:0,(anonymous_6)
FNDA:0,(anonymous_7)
FNDA:0,(anonymous_8)
FNDA:0,(anonymous_9)
FNDA:0,token
FNDA:0,roomId
FNDA:0,shareUrl
FNDA:0,currentOfferId
FNDA:0,roomRef
FNDA:4,connectionState
FNDA:0,isConnected
FNDA:0,signalingListenerCount
FNDA:5,createRoom
FNDA:0,(anonymous_19)
FNDA:0,(anonymous_20)
FNDA:1,(anonymous_21)
FNDA:8,setupRoomHandlers
FNDA:1,(anonymous_23)
FNDA:0,(anonymous_24)
FNDA:3,approvePeer
FNDA:0,rejectPeer
FNDA:0,manualAcceptAnswer
FNDA:0,parseRoomFromUrl
FNDA:5,peerAutoJoin
FNDA:1,(anonymous_30)
FNDA:1,(anonymous_31)
FNDA:0,(anonymous_32)
FNDA:0,(anonymous_33)
FNDA:0,promotePeer
FNDA:9,handlePromotionRequest
FNDA:0,(anonymous_36)
FNDA:0,broadcastRoomState
FNDA:0,sendFeature
FNDA:1,sendFeatureDataToPeer
FNDA:0,sendControl
FNDA:0,sendChatMessage
FNDA:0,close
DA:15,0
DA:16,0
DA:17,0
DA:18,0
DA:21,0
DA:25,13
DA:26,13
DA:27,13
DA:28,13
DA:29,13
DA:30,13
DA:31,13
DA:33,13
DA:34,13
DA:35,13
DA:36,13
DA:37,13
DA:38,13
DA:39,13
DA:40,13
DA:57,13
DA:58,13
DA:63,13
DA:64,13
DA:67,13
DA:68,0
DA:69,0
DA:73,13
DA:74,1
DA:78,13
DA:81,13
DA:82,0
DA:83,0
DA:84,0
DA:85,0
DA:86,0
DA:87,0
DA:88,0
DA:91,0
DA:92,0
DA:93,0
DA:95,0
DA:96,0
DA:97,0
DA:98,0
DA:99,0
DA:102,0
DA:104,0
DA:105,0
DA:106,0
DA:107,0
DA:108,0
DA:112,0
DA:113,0
DA:114,0
DA:115,0
DA:116,0
DA:117,4
DA:118,0
DA:119,0
DA:123,5
DA:124,5
DA:125,5
DA:128,5
DA:129,5
DA:131,5
DA:132,5
DA:134,0
DA:136,0
DA:137,0
DA:138,0
DA:141,1
DA:142,1
DA:145,5
DA:146,5
DA:147,5
DA:149,5
DA:150,5
DA:151,5
DA:152,5
DA:154,0
DA:157,5
DA:158,5
DA:162,8
DA:163,1
DA:164,1
DA:165,1
DA:166,1
DA:167,1
DA:169,0
DA:170,0
DA:171,0
DA:172,0
DA:173,0
DA:174,0
DA:177,0
DA:178,0
DA:179,0
DA:182,0
DA:184,0
DA:189,8
DA:190,0
DA:191,0
DA:192,0
DA:193,0
DA:194,0
DA:195,0
DA:196,0
DA:197,0
DA:198,0
DA:199,0
DA:200,0
DA:201,0
DA:202,0
DA:210,3
DA:211,1
DA:212,1
DA:215,2
DA:216,2
DA:218,1
DA:219,1
DA:222,1
DA:223,1
DA:227,0
DA:231,0
DA:232,0
DA:233,0
DA:238,0
DA:239,0
DA:240,0
DA:241,0
DA:246,5
DA:247,5
DA:248,5
DA:249,5
DA:251,5
DA:252,5
DA:253,5
DA:255,0
DA:259,5
DA:260,5
DA:262,5
DA:263,5
DA:266,1
DA:267,1
DA:268,1
DA:269,1
DA:270,1
DA:273,0
DA:275,5
DA:276,5
DA:277,5
DA:279,5
DA:280,5
DA:283,5
DA:284,0
DA:285,0
DA:286,0
DA:288,0
DA:289,0
DA:290,0
DA:291,0
DA:292,0
DA:293,0
DA:294,0
DA:295,0
DA:298,0
DA:299,0
DA:301,0
DA:302,0
DA:303,0
DA:305,0
DA:314,0
DA:315,0
DA:316,0
DA:318,0
DA:319,0
DA:321,0
DA:322,0
DA:324,0
DA:325,0
DA:331,9
DA:334,4
DA:335,0
DA:336,0
DA:338,4
DA:341,4
DA:342,4
DA:343,4
DA:345,0
DA:349,4
DA:350,4
DA:351,10
DA:352,6
DA:353,6
DA:354,10
DA:358,6
DA:362,4
DA:363,4
DA:367,3
DA:368,9
DA:369,9
DA:370,9
DA:371,9
DA:372,9
DA:373,9
DA:374,9
DA:376,9
DA:377,9
DA:378,9
DA:380,1
DA:381,1
DA:382,1
DA:389,0
DA:390,0
DA:391,0
DA:394,0
DA:395,1
DA:396,0
DA:398,0
DA:399,0
DA:400,0
DA:405,0
DA:406,0
DA:407,0
DA:408,0
DA:409,0
DA:410,0
DA:411,0
LF:229
LH:111
BRDA:17,0,0,0
BRDA:17,0,1,0
BRDA:17,1,0,0
BRDA:17,1,1,0
BRDA:17,1,2,0
BRDA:17,1,3,0
BRDA:18,2,0,0
BRDA:18,2,1,0
BRDA:63,3,0,0
BRDA:63,3,1,13
BRDA:98,4,0,0
BRDA:98,4,1,0
BRDA:98,5,0,0
BRDA:98,5,1,0
BRDA:107,6,0,0
BRDA:107,6,1,0
BRDA:108,7,0,0
BRDA:108,7,1,0
BRDA:136,8,0,0
BRDA:136,8,1,0
BRDA:147,9,0,5
BRDA:147,9,1,0
BRDA:149,10,0,5
BRDA:149,10,1,0
BRDA:163,11,0,0
BRDA:163,11,1,1
BRDA:165,12,0,1
BRDA:165,12,1,0
BRDA:169,13,0,0
BRDA:169,13,1,0
BRDA:170,14,0,0
BRDA:170,14,1,0
BRDA:172,15,0,0
BRDA:172,15,1,0
BRDA:172,16,0,0
BRDA:172,16,1,0
BRDA:174,17,0,0
BRDA:174,17,1,0
BRDA:174,18,0,0
BRDA:174,18,1,0
BRDA:178,19,0,0
BRDA:178,19,1,0
BRDA:194,20,0,0
BRDA:194,20,1,0
BRDA:198,21,0,0
BRDA:198,21,1,0
BRDA:210,22,0,1
BRDA:210,22,1,2
BRDA:210,23,0,3
BRDA:210,23,1,2
BRDA:210,23,2,2
BRDA:210,23,3,2
BRDA:232,24,0,0
BRDA:232,24,1,0
BRDA:238,25,0,0
BRDA:238,25,1,0
BRDA:239,26,0,0
BRDA:239,26,1,0
BRDA:240,27,0,0
BRDA:240,27,1,0
BRDA:249,28,0,5
BRDA:249,28,1,0
BRDA:251,29,0,5
BRDA:251,29,1,0
BRDA:269,30,0,0
BRDA:269,30,1,1
BRDA:269,31,0,1
BRDA:269,31,1,0
BRDA:277,32,0,5
BRDA:277,32,1,0
BRDA:279,33,0,5
BRDA:279,33,1,0
BRDA:284,34,0,0
BRDA:284,34,1,0
BRDA:286,35,0,0
BRDA:286,35,1,0
BRDA:288,36,0,0
BRDA:288,36,1,0
BRDA:289,37,0,0
BRDA:289,37,1,0
BRDA:292,38,0,0
BRDA:292,38,1,0
BRDA:293,39,0,0
BRDA:293,39,1,0
BRDA:298,40,0,0
BRDA:298,40,1,0
BRDA:298,41,0,0
BRDA:298,41,1,0
BRDA:299,42,0,0
BRDA:299,42,1,0
BRDA:302,43,0,0
BRDA:302,43,1,0
BRDA:314,44,0,0
BRDA:314,44,1,0
BRDA:331,45,0,5
BRDA:331,45,1,4
BRDA:334,46,0,0
BRDA:334,46,1,4
BRDA:350,47,0,4
BRDA:350,47,1,0
BRDA:351,48,0,4
BRDA:351,48,1,6
BRDA:353,49,0,6
BRDA:353,49,1,0
BRDA:377,50,0,1
BRDA:377,50,1,0
BRDA:377,50,2,0
BRDA:389,51,0,0
BRDA:389,51,1,0
BRDA:398,52,0,0
BRDA:398,52,1,0
BRDA:399,53,0,0
BRDA:399,53,1,0
BRF:113
BRH:25
end_of_record
TN:
SF:src/shell/signaling-client.ts
FN:10,(anonymous_0)
FN:20,constructor
FN:25,validateMessage
FN:56,connect
FN:57,(anonymous_4)
FN:59,(anonymous_5)
FN:60,(anonymous_6)
FN:61,(anonymous_7)
FN:62,(anonymous_8)
FN:63,(anonymous_9)
FN:73,applyIceMode
FN:77,(anonymous_11)
FN:80,(anonymous_12)
FN:83,(anonymous_13)
FN:96,fetchIceConfig
FN:128,refreshIfNeeded
FN:138,getConfig
FN:142,iceConfig
FN:145,listenerCount
FN:151,dispatch
FN:164,(anonymous_20)
FN:169,request
FN:170,(anonymous_22)
FN:173,(anonymous_23)
FN:180,send
FN:188,on
FN:192,(anonymous_26)
FN:196,close
FNF:28
FNH:19
FNDA:0,(anonymous_0)
FNDA:20,constructor
FNDA:1,validateMessage
FNDA:19,connect
FNDA:19,(anonymous_4)
FNDA:1,(anonymous_5)
FNDA:17,(anonymous_6)
FNDA:1,(anonymous_7)
FNDA:0,(anonymous_8)
FNDA:18,(anonymous_9)
FNDA:5,applyIceMode
FNDA:0,(anonymous_11)
FNDA:0,(anonymous_12)
FNDA:0,(anonymous_13)
FNDA:7,fetchIceConfig
FNDA:3,refreshIfNeeded
FNDA:0,getConfig
FNDA:0,iceConfig
FNDA:0,listenerCount
FNDA:14,dispatch
FNDA:6,(anonymous_20)
FNDA:11,request
FNDA:11,(anonymous_22)
FNDA:1,(anonymous_23)
FNDA:0,send
FNDA:7,on
FNDA:1,(anonymous_26)
FNDA:2,close
DA:5,1
DA:6,1
DA:10,1
DA:13,20
DA:14,20
DA:15,20
DA:16,20
DA:17,20
DA:21,20
DA:26,20
DA:27,15
DA:28,15
DA:30,14
DA:32,0
DA:33,0
DA:34,0
DA:36,0
DA:39,0
DA:41,0
DA:42,0
DA:43,0
DA:45,0
DA:47,0
DA:48,0
DA:49,0
DA:51,0
DA:53,14
DA:57,19
DA:58,19
DA:59,19
DA:60,19
DA:61,19
DA:62,19
DA:63,19
DA:64,18
DA:65,18
DA:66,18
DA:74,5
DA:75,5
DA:76,0
DA:77,0
DA:80,0
DA:84,0
DA:85,0
DA:87,0
DA:88,5
DA:89,0
DA:92,5
DA:97,7
DA:98,5
DA:99,5
DA:100,4
DA:101,4
DA:102,4
DA:107,7
DA:109,7
DA:110,7
DA:113,1
DA:121,1
DA:122,1
DA:124,5
DA:129,3
DA:130,3
DA:131,1
DA:132,1
DA:134,2
DA:139,0
DA:142,0
DA:146,0
DA:147,0
DA:148,0
DA:152,14
DA:154,14
DA:155,7
DA:156,7
DA:157,7
DA:158,7
DA:159,6
DA:160,6
DA:163,7
DA:164,7
DA:170,11
DA:171,11
DA:172,10
DA:173,10
DA:174,10
DA:175,10
DA:181,0
DA:182,0
DA:189,7
DA:190,7
DA:191,7
DA:192,7
DA:198,2
DA:199,2
DA:200,2
DA:202,2
DA:203,2
DA:204,2
LF:99
LH:72
BRDA:5,0,0,1
BRDA:5,0,1,1
BRDA:6,1,0,1
BRDA:6,1,1,1
BRDA:20,2,0,20
BRDA:26,3,0,5
BRDA:26,3,1,15
BRDA:26,4,0,20
BRDA:26,4,1,17
BRDA:28,5,0,1
BRDA:28,5,1,14
BRDA:28,6,0,15
BRDA:28,6,1,14
BRDA:30,7,0,0
BRDA:30,7,1,0
BRDA:30,7,2,0
BRDA:30,7,3,0
BRDA:32,8,0,0
BRDA:32,8,1,0
BRDA:32,9,0,0
BRDA:32,9,1,0
BRDA:32,9,2,0
BRDA:32,9,3,0
BRDA:41,10,0,0
BRDA:41,10,1,0
BRDA:41,11,0,0
BRDA:41,11,1,0
BRDA:41,11,2,0
BRDA:47,12,0,0
BRDA:47,12,1,0
BRDA:47,13,0,0
BRDA:47,13,1,0
BRDA:56,14,0,19
BRDA:66,15,0,14
BRDA:66,15,1,4
BRDA:74,16,0,5
BRDA:74,16,1,5
BRDA:75,17,0,0
BRDA:75,17,1,5
BRDA:76,18,0,0
BRDA:76,18,1,0
BRDA:79,19,0,0
BRDA:79,19,1,0
BRDA:80,20,0,0
BRDA:80,20,1,0
BRDA:81,21,0,0
BRDA:81,21,1,0
BRDA:81,22,0,0
BRDA:81,22,1,0
BRDA:85,23,0,0
BRDA:85,23,1,0
BRDA:88,24,0,0
BRDA:88,24,1,5
BRDA:97,25,0,2
BRDA:97,25,1,5
BRDA:100,26,0,0
BRDA:100,26,1,4
BRDA:103,27,0,4
BRDA:103,27,1,0
BRDA:104,28,0,7
BRDA:104,28,1,2
BRDA:105,29,0,7
BRDA:105,29,1,2
BRDA:109,30,0,7
BRDA:109,30,1,1
BRDA:130,31,0,1
BRDA:130,31,1,2
BRDA:139,32,0,0
BRDA:139,32,1,0
BRDA:154,33,0,7
BRDA:154,33,1,7
BRDA:154,34,0,14
BRDA:154,34,1,9
BRDA:158,35,0,1
BRDA:158,35,1,6
BRDA:164,36,0,6
BRDA:164,36,1,1
BRDA:169,37,0,11
BRDA:171,38,0,1
BRDA:171,38,1,10
BRDA:171,39,0,11
BRDA:171,39,1,10
BRDA:181,40,0,0
BRDA:181,40,1,0
BRDA:181,41,0,0
BRDA:181,41,1,0
BRDA:189,42,0,6
BRDA:189,42,1,1
BRF:88
BRH:47
end_of_record
TN:
SF:src/shell/chat/chat-controller.ts
FN:11,sanitizeText
FN:19,unread
FN:22,messages
FN:26,addLog
FN:53,renderInto
FN:62,markRead
FN:67,updateNotif
FN:72,_createEntry
FNF:8
FNH:7
FNDA:36,sanitizeText
FNDA:5,unread
FNDA:0,messages
FNDA:36,addLog
FNDA:3,renderInto
FNDA:1,markRead
FNDA:32,updateNotif
FNDA:28,_createEntry
DA:7,3
DA:12,36
DA:16,26
DA:17,26
DA:19,5
DA:22,0
DA:28,36
DA:30,36
DA:31,36
DA:33,35
DA:34,31
DA:41,36
DA:42,36
DA:43,36
DA:45,36
DA:46,36
DA:47,23
DA:48,23
DA:55,3
DA:56,3
DA:57,5
DA:59,3
DA:63,1
DA:64,1
DA:68,32
DA:73,28
DA:74,28
DA:75,28
DA:77,28
DA:78,28
LF:30
LH:29
BRDA:30,0,0,2
BRDA:30,0,1,34
BRDA:31,1,0,1
BRDA:31,1,1,35
BRDA:33,2,0,4
BRDA:33,2,1,31
BRDA:33,3,0,35
BRDA:33,3,1,32
BRDA:36,4,0,31
BRDA:36,4,1,2
BRDA:46,5,0,23
BRDA:46,5,1,13
BRF:12
BRH:12
end_of_record
TN:
SF:src/shell/panels/panel-controller.ts
FN:9,stripControlChars
FN:17,constructor
FN:21,(anonymous_2)
FN:24,setSendChat
FN:26,currentPanel
FN:29,refresh
FN:38,open
FN:51,(anonymous_7)
FN:56,close
FN:59,(anonymous_9)
FN:62,renderChat
FN:73,(anonymous_11)
FN:84,(anonymous_12)
FN:87,renderInfo
FNF:14
FNH:0
FNDA:0,stripControlChars
FNDA:0,constructor
FNDA:0,(anonymous_2)
FNDA:0,setSendChat
FNDA:0,currentPanel
FNDA:0,refresh
FNDA:0,open
FNDA:0,(anonymous_7)
FNDA:0,close
FNDA:0,(anonymous_9)
FNDA:0,renderChat
FNDA:0,(anonymous_11)
FNDA:0,(anonymous_12)
FNDA:0,renderInfo
DA:10,0
DA:14,0
DA:15,0
DA:18,0
DA:19,0
DA:20,0
DA:21,0
DA:24,0
DA:26,0
DA:30,0
DA:31,0
DA:32,0
DA:33,0
DA:34,0
DA:35,0
DA:39,0
DA:40,0
DA:41,0
DA:42,0
DA:43,0
DA:44,0
DA:45,0
DA:47,0
DA:48,0
DA:49,0
DA:51,0
DA:52,0
DA:53,0
DA:57,0
DA:58,0
DA:59,0
DA:63,0
DA:65,0
DA:66,0
DA:67,0
DA:70,0
DA:73,0
DA:74,0
DA:75,0
DA:77,0
DA:78,0
DA:79,0
DA:80,0
DA:81,0
DA:83,0
DA:84,0
DA:89,0
LF:47
LH:0
BRDA:21,0,0,0
BRDA:30,1,0,0
BRDA:30,1,1,0
BRDA:33,2,0,0
BRDA:33,2,1,0
BRDA:34,3,0,0
BRDA:34,3,1,0
BRDA:35,4,0,0
BRDA:35,4,1,0
BRDA:39,5,0,0
BRDA:39,5,1,0
BRDA:43,6,0,0
BRDA:43,6,1,0
BRDA:43,7,0,0
BRDA:43,7,1,0
BRDA:47,8,0,0
BRDA:47,8,1,0
BRDA:48,9,0,0
BRDA:48,9,1,0
BRDA:49,10,0,0
BRDA:49,10,1,0
BRDA:53,11,0,0
BRDA:53,11,1,0
BRDA:75,12,0,0
BRDA:75,12,1,0
BRDA:75,13,0,0
BRDA:75,13,1,0
BRDA:78,14,0,0
BRDA:78,14,1,0
BRDA:79,15,0,0
BRDA:79,15,1,0
BRDA:84,16,0,0
BRDA:84,16,1,0
BRF:33
BRH:0
end_of_record
TN:
SF:src/shell/participants/participants-controller.ts
FN:19,allUsers
FN:20,allUsers_2
FN:21,onPromote
FN:22,peerEmails
FN:23,pendingPeerEmail
FN:24,pendingPeerEmail_2
FN:26,replaceSnapshot
FN:28,userCount
FN:30,render
FN:33,(anonymous_9)
FN:41,(anonymous_10)
FNF:11
FNH:8
FNDA:13,allUsers
FNDA:14,allUsers_2
FNDA:4,onPromote
FNDA:0,peerEmails
FNDA:0,pendingPeerEmail
FNDA:0,pendingPeerEmail_2
FNDA:6,replaceSnapshot
FNDA:9,userCount
FNDA:8,render
FNDA:52,(anonymous_9)
FNDA:1,(anonymous_10)
DA:14,13
DA:15,13
DA:16,13
DA:19,13
DA:20,14
DA:21,4
DA:22,0
DA:23,0
DA:24,0
DA:26,6
DA:28,9
DA:31,8
DA:32,8
DA:33,52
DA:34,20
DA:35,20
DA:39,20
DA:40,5
DA:41,5
DA:42,1
DA:44,5
DA:46,20
LF:22
LH:19
BRDA:34,0,0,8
BRDA:34,0,1,12
BRDA:34,1,0,12
BRDA:34,1,1,0
BRDA:35,2,0,8
BRDA:35,2,1,12
BRDA:39,3,0,5
BRDA:39,3,1,15
BRDA:39,4,0,20
BRDA:39,4,1,13
BRDA:39,4,2,8
BRF:11
BRH:10
end_of_record
TN:
SF:src/shell/protocol/message-envelope.ts
FN:5,encodeChat
FN:13,encodeStructuredChat
FN:22,encodeYjs
FN:32,decodeMessage
FNF:4
FNH:4
FNDA:5,encodeChat
FNDA:1,encodeStructuredChat
FNDA:12,encodeYjs
FNDA:19,decodeMessage
DA:6,5
DA:7,5
DA:8,5
DA:9,5
DA:10,5
DA:14,1
DA:15,1
DA:16,1
DA:17,1
DA:18,1
DA:19,1
DA:23,12
DA:24,10
DA:25,10
DA:26,10
DA:27,10
DA:28,10
DA:29,10
DA:33,19
DA:34,18
DA:35,6
DA:36,19
LF:22
LH:22
BRDA:23,0,0,2
BRDA:23,0,1,10
BRDA:33,1,0,1
BRDA:33,1,1,18
BRDA:34,2,0,12
BRDA:34,2,1,6
BRDA:35,3,0,5
BRDA:35,3,1,1
BRF:8
BRH:8
end_of_record
